01/05/2024 11:01:49 AM || INFO: Starting the script...
01/05/2024 11:01:49 AM || INFO: Reading the config file: inputs/input.yml
01/05/2024 11:01:49 AM || INFO: Starting the Health Check for the endpoints
01/05/2024 11:01:49 AM || INFO: fetch.com has 67% availability percentage
01/05/2024 11:01:49 AM || INFO: www.fetchrewards.com has 100% availability percentage
01/05/2024 11:01:49 AM || INFO: Completed the Health Check for the endpoints
01/05/2024 11:02:04 AM || INFO: Starting the Health Check for the endpoints
01/05/2024 11:02:05 AM || INFO: fetch.com has 67% availability percentage
01/05/2024 11:02:05 AM || INFO: www.fetchrewards.com has 100% availability percentage
01/05/2024 11:02:05 AM || INFO: Completed the Health Check for the endpoints
01/05/2024 11:02:19 AM || INFO: Starting the Health Check for the endpoints
01/05/2024 11:02:20 AM || INFO: fetch.com has 67% availability percentage
01/05/2024 11:02:20 AM || INFO: www.fetchrewards.com has 100% availability percentage
01/05/2024 11:02:20 AM || INFO: Completed the Health Check for the endpoints
01/05/2024 11:02:34 AM || INFO: Starting the Health Check for the endpoints
01/05/2024 11:02:35 AM || INFO: fetch.com has 67% availability percentage
01/05/2024 11:02:35 AM || INFO: www.fetchrewards.com has 100% availability percentage
01/05/2024 11:02:35 AM || INFO: Completed the Health Check for the endpoints
01/05/2024 11:02:49 AM || INFO: Starting the Health Check for the endpoints
01/05/2024 11:02:50 AM || INFO: fetch.com has 67% availability percentage
01/05/2024 11:02:50 AM || INFO: www.fetchrewards.com has 100% availability percentage
01/05/2024 11:02:50 AM || INFO: Completed the Health Check for the endpoints
01/05/2024 11:03:04 AM || INFO: Starting the Health Check for the endpoints
01/05/2024 11:03:05 AM || INFO: fetch.com has 67% availability percentage
01/05/2024 11:03:05 AM || INFO: www.fetchrewards.com has 100% availability percentage
01/05/2024 11:03:05 AM || INFO: Completed the Health Check for the endpoints
01/05/2024 11:03:19 AM || INFO: Starting the Health Check for the endpoints
01/05/2024 11:03:20 AM || INFO: fetch.com has 67% availability percentage
01/05/2024 11:03:20 AM || INFO: www.fetchrewards.com has 100% availability percentage
01/05/2024 11:03:20 AM || INFO: Completed the Health Check for the endpoints
01/05/2024 11:03:34 AM || INFO: Starting the Health Check for the endpoints
01/05/2024 11:03:35 AM || INFO: fetch.com has 67% availability percentage
01/05/2024 11:03:35 AM || INFO: www.fetchrewards.com has 100% availability percentage
01/05/2024 11:03:35 AM || INFO: Completed the Health Check for the endpoints
01/05/2024 11:03:49 AM || INFO: Starting the Health Check for the endpoints
01/05/2024 11:03:50 AM || INFO: fetch.com has 67% availability percentage
01/05/2024 11:03:50 AM || INFO: www.fetchrewards.com has 100% availability percentage
01/05/2024 11:03:50 AM || INFO: Completed the Health Check for the endpoints
01/05/2024 11:04:04 AM || INFO: Starting the Health Check for the endpoints
01/05/2024 11:04:05 AM || INFO: fetch.com has 67% availability percentage
01/05/2024 11:04:05 AM || INFO: www.fetchrewards.com has 100% availability percentage
01/05/2024 11:04:05 AM || INFO: Completed the Health Check for the endpoints
01/05/2024 11:04:19 AM || INFO: Starting the Health Check for the endpoints
01/05/2024 11:04:20 AM || INFO: fetch.com has 67% availability percentage
01/05/2024 11:04:20 AM || INFO: www.fetchrewards.com has 100% availability percentage
01/05/2024 11:04:20 AM || INFO: Completed the Health Check for the endpoints
01/05/2024 11:04:34 AM || INFO: Starting the Health Check for the endpoints
01/05/2024 11:04:35 AM || INFO: fetch.com has 67% availability percentage
01/05/2024 11:04:35 AM || INFO: www.fetchrewards.com has 100% availability percentage
01/05/2024 11:04:35 AM || INFO: Completed the Health Check for the endpoints
01/05/2024 11:04:49 AM || INFO: Starting the Health Check for the endpoints
01/05/2024 11:04:50 AM || INFO: fetch.com has 67% availability percentage
01/05/2024 11:04:50 AM || INFO: www.fetchrewards.com has 100% availability percentage
01/05/2024 11:04:50 AM || INFO: Completed the Health Check for the endpoints
01/05/2024 11:05:04 AM || INFO: Starting the Health Check for the endpoints
01/05/2024 11:05:05 AM || INFO: fetch.com has 67% availability percentage
01/05/2024 11:05:05 AM || INFO: www.fetchrewards.com has 100% availability percentage
01/05/2024 11:05:05 AM || INFO: Completed the Health Check for the endpoints
01/05/2024 11:05:19 AM || INFO: Starting the Health Check for the endpoints
01/05/2024 11:05:20 AM || INFO: fetch.com has 67% availability percentage
01/05/2024 11:05:20 AM || INFO: www.fetchrewards.com has 100% availability percentage
01/05/2024 11:05:20 AM || INFO: Completed the Health Check for the endpoints
01/05/2024 11:05:34 AM || INFO: Starting the Health Check for the endpoints
01/05/2024 11:05:35 AM || INFO: fetch.com has 67% availability percentage
01/05/2024 11:05:35 AM || INFO: www.fetchrewards.com has 100% availability percentage
01/05/2024 11:05:35 AM || INFO: Completed the Health Check for the endpoints
01/05/2024 11:05:49 AM || INFO: Starting the Health Check for the endpoints
01/05/2024 11:05:50 AM || INFO: fetch.com has 67% availability percentage
01/05/2024 11:05:50 AM || INFO: www.fetchrewards.com has 100% availability percentage
01/05/2024 11:05:50 AM || INFO: Completed the Health Check for the endpoints
01/05/2024 11:06:04 AM || INFO: Starting the Health Check for the endpoints
01/05/2024 11:06:05 AM || INFO: fetch.com has 67% availability percentage
01/05/2024 11:06:05 AM || INFO: www.fetchrewards.com has 100% availability percentage
01/05/2024 11:06:05 AM || INFO: Completed the Health Check for the endpoints
01/05/2024 11:06:19 AM || INFO: Starting the Health Check for the endpoints
01/05/2024 11:06:20 AM || INFO: fetch.com has 67% availability percentage
01/05/2024 11:06:20 AM || INFO: www.fetchrewards.com has 100% availability percentage
01/05/2024 11:06:20 AM || INFO: Completed the Health Check for the endpoints
01/05/2024 11:06:34 AM || INFO: Starting the Health Check for the endpoints
01/05/2024 11:06:35 AM || INFO: fetch.com has 67% availability percentage
01/05/2024 11:06:35 AM || INFO: www.fetchrewards.com has 100% availability percentage
01/05/2024 11:06:35 AM || INFO: Completed the Health Check for the endpoints
